<?xml version="1.0" encoding="UTF-8"?>
<!-- Generated by org.testng.reporters.JUnitReportReporter -->
<testsuite hostname="DESKTOP-BP40DCQ" failures="0" tests="1" name="Webpage_Test.Login_test" time="0.123" errors="0" timestamp="2022-12-07T10:17:09 IST" skipped="0">
  <testcase classname="Webpage_Test.Login_test" name="gettitle" time="0.123"/>
  <system-out/>
</testsuite> <!-- Webpage_Test.Login_test -->
