<?xml version="1.0" encoding="UTF-8"?>
<!-- Generated by org.testng.reporters.JUnitReportReporter -->
<testsuite hostname="DESKTOP-BP40DCQ" failures="0" tests="1" name="Webpage_Test.Register_test" time="9.077" errors="0" timestamp="2022-12-10T12:36:15 IST" skipped="0">
  <testcase classname="Webpage_Test.Register_test" name="Registerfill" time="9.077"/>
  <system-out/>
</testsuite> <!-- Webpage_Test.Register_test -->
